
SQL*Loader: Release 21.0.0.0.0 - Production on Wed Oct 30 12:43:58 2024
Version 21.3.0.0.0

Copyright (c) 1982, 2021, Oracle and/or its affiliates.  All rights reserved.

Control File:   my_crops.ctl
Data File:      crops.dat
  Bad File:     crops.bad
  Discard File:  none specified
 
 (Allow all discards)

Number to load: ALL
Number to skip: 2
Errors allowed: 50
Bind array:     250 rows, maximum of 1048576 bytes
Continuation:    none specified
Path used:      Conventional

Table MY_CROPS, loaded from every logical record.
Insert option in effect for this table: REPLACE

   Column Name                  Position   Len  Term Encl Datatype
------------------------------ ---------- ----- ---- ---- ---------------------
CROP                                FIRST     *  WHT      CHARACTER            
NAME                                 NEXT     *  WHT      CHARACTER            
START_SEASON                         NEXT     *  WHT      CHARACTER            
END_SEASON                           NEXT     *  WHT      CHARACTER            


Table MY_CROPS:
  5 Rows successfully loaded.
  0 Rows not loaded due to data errors.
  0 Rows not loaded because all WHEN clauses were failed.
  0 Rows not loaded because all fields were null.


Space allocated for bind array:                 258000 bytes(250 rows)
Read   buffer bytes: 1048576

Total logical records skipped:          2
Total logical records read:             5
Total logical records rejected:         0
Total logical records discarded:        0

Run began on Wed Oct 30 12:43:58 2024
Run ended on Wed Oct 30 12:44:08 2024

Elapsed time was:     00:00:09.82
CPU time was:         00:00:00.03
