
SQL*Loader: Release 21.0.0.0.0 - Production on Wed Oct 30 14:28:51 2024
Version 21.3.0.0.0

Copyright (c) 1982, 2021, Oracle and/or its affiliates.  All rights reserved.

Control File:   my_finds.ctl
Data File:      finds.dat
  Bad File:     finds.bad
  Discard File:  none specified
 
 (Allow all discards)

Number to load: ALL
Number to skip: 2
Errors allowed: 50
Bind array:     250 rows, maximum of 1048576 bytes
Continuation:    none specified
Path used:      Conventional

Table MY_FINDS, loaded from every logical record.
Insert option in effect for this table: REPLACE

   Column Name                  Position   Len  Term Encl Datatype
------------------------------ ---------- ----- ---- ---- ---------------------
FIND_ID                             FIRST     *  WHT      CHARACTER            
XCOORD                               NEXT     *  WHT      CHARACTER            
YCOORD                               NEXT     *  WHT      CHARACTER            
TYPE                                 NEXT     *  WHT      CHARACTER            
DEPTH                                NEXT     *  WHT      CHARACTER            
FIELD_NOTES                          NEXT     *  WHT      CHARACTER            


Table MY_FINDS:
  8 Rows successfully loaded.
  0 Rows not loaded due to data errors.
  0 Rows not loaded because all WHEN clauses were failed.
  0 Rows not loaded because all fields were null.


Space allocated for bind array:                 387000 bytes(250 rows)
Read   buffer bytes: 1048576

Total logical records skipped:          2
Total logical records read:             8
Total logical records rejected:         0
Total logical records discarded:        0

Run began on Wed Oct 30 14:28:51 2024
Run ended on Wed Oct 30 14:29:00 2024

Elapsed time was:     00:00:09.48
CPU time was:         00:00:00.03
