
SQL*Loader: Release 21.0.0.0.0 - Production on Tue Oct 29 12:55:02 2024
Version 21.3.0.0.0

Copyright (c) 1982, 2021, Oracle and/or its affiliates.  All rights reserved.

Control File:   my_fields.ctl
Data File:      fields.dat
  Bad File:     fields.bad
  Discard File:  none specified
 
 (Allow all discards)

Number to load: ALL
Number to skip: 0
Errors allowed: 50
Bind array:     250 rows, maximum of 1048576 bytes
Continuation:    none specified
Path used:      Conventional

Table MY_FIELDS, loaded from every logical record.
Insert option in effect for this table: REPLACE
TRAILING NULLCOLS option in effect

   Column Name                  Position   Len  Term Encl Datatype
------------------------------ ---------- ----- ---- ---- ---------------------
FIELD_ID                            FIRST     *  WHT      CHARACTER            
LOWX                                 NEXT     *  WHT      CHARACTER            
LOWY                                 NEXT     *  WHT      CHARACTER            
HIX                                  NEXT     *  WHT      CHARACTER            
HIY                                  NEXT     *  WHT      CHARACTER            
AREA                                 NEXT     *  WHT      CHARACTER            
OWNER                                NEXT     *  WHT      CHARACTER            
CROP                                 NEXT     *  WHT      CHARACTER            

Record 2: Discarded - all columns null.
Record 1: Rejected - Error on table MY_FIELDS, column FIELD_ID.
ORA-01722: invalid number

Record 3: Rejected - Error on table MY_FIELDS.
ORA-02291: integrity constraint (S2502571.SYS_C00291781) violated - parent key not found

Record 4: Rejected - Error on table MY_FIELDS.
ORA-02291: integrity constraint (S2502571.SYS_C00291781) violated - parent key not found

Record 5: Rejected - Error on table MY_FIELDS.
ORA-02291: integrity constraint (S2502571.SYS_C00291781) violated - parent key not found

Record 6: Rejected - Error on table MY_FIELDS.
ORA-02291: integrity constraint (S2502571.SYS_C00291781) violated - parent key not found

Record 7: Rejected - Error on table MY_FIELDS.
ORA-02291: integrity constraint (S2502571.SYS_C00291781) violated - parent key not found

Record 8: Rejected - Error on table MY_FIELDS.
ORA-02291: integrity constraint (S2502571.SYS_C00291781) violated - parent key not found

Record 9: Rejected - Error on table MY_FIELDS.
ORA-02291: integrity constraint (S2502571.SYS_C00291781) violated - parent key not found

Record 10: Rejected - Error on table MY_FIELDS.
ORA-02291: integrity constraint (S2502571.SYS_C00291781) violated - parent key not found


Table MY_FIELDS:
  0 Rows successfully loaded.
  9 Rows not loaded due to data errors.
  0 Rows not loaded because all WHEN clauses were failed.
  1 Row not loaded because all fields were null.


Space allocated for bind array:                 516000 bytes(250 rows)
Read   buffer bytes: 1048576

Total logical records skipped:          0
Total logical records read:            10
Total logical records rejected:         9
Total logical records discarded:        1

Run began on Tue Oct 29 12:55:02 2024
Run ended on Tue Oct 29 12:55:09 2024

Elapsed time was:     00:00:06.61
CPU time was:         00:00:00.03
